[debug] [2024-07-15T19:05:30.364Z] ----------------------------------------------------------------------
[debug] [2024-07-15T19:05:30.368Z] Command:       C:\Program Files\nodejs\node.exe C:\Users\Lenendra\AppData\Roaming\npm\node_modules\firebase-tools\lib\bin\firebase.js init hosting
[debug] [2024-07-15T19:05:30.369Z] CLI Version:   13.13.2
[debug] [2024-07-15T19:05:30.369Z] Platform:      win32
[debug] [2024-07-15T19:05:30.370Z] Node Version:  v20.11.1
[debug] [2024-07-15T19:05:30.370Z] Time:          Tue Jul 16 2024 00:35:30 GMT+0530 (India Standard Time)
[debug] [2024-07-15T19:05:30.370Z] ----------------------------------------------------------------------
[debug] 
[debug] [2024-07-15T19:05:30.378Z] > command requires scopes: ["email","openid","https://www.googleapis.com/auth/cloudplatformprojects.readonly","https://www.googleapis.com/auth/firebase","https://www.googleapis.com/auth/cloud-platform"]
[debug] [2024-07-15T19:05:30.378Z] > authorizing via signed-in user (khandale.lenendra@gmail.com)
[info] 
     ######## #### ########  ######## ########     ###     ######  ########
     ##        ##  ##     ## ##       ##     ##  ##   ##  ##       ##
     ######    ##  ########  ######   ########  #########  ######  ######
     ##        ##  ##    ##  ##       ##     ## ##     ##       ## ##
     ##       #### ##     ## ######## ########  ##     ##  ######  ########

You're about to initialize a Firebase project in this directory:

  C:\Users\Lenendra\OneDrive\Desktop\simple-ng-emp-crud

[info] 
=== Project Setup
[info] 
[info] First, let's associate this project directory with a Firebase project.
[info] You can create multiple project aliases by running firebase use --add, 
[info] but for now we'll just set up a default project.
[info] 
[debug] [2024-07-15T19:05:35.561Z] >>> [apiv2][query] GET https://firebase.googleapis.com/v1beta1/projects pageSize=100
[debug] [2024-07-15T19:05:36.472Z] <<< [apiv2][status] GET https://firebase.googleapis.com/v1beta1/projects 200
[debug] [2024-07-15T19:05:36.472Z] <<< [apiv2][body] GET https://firebase.googleapis.com/v1beta1/projects [omitted]
[info] i  Using project employee-management-9451f (Employee Management) 
[info] 
=== Hosting Setup
[debug] [2024-07-15T19:05:46.568Z] >>> [apiv2][query] GET https://firebase.googleapis.com/v1beta1/projects/employee-management-9451f [none]
[debug] [2024-07-15T19:05:46.977Z] <<< [apiv2][status] GET https://firebase.googleapis.com/v1beta1/projects/employee-management-9451f 200
[debug] [2024-07-15T19:05:46.977Z] <<< [apiv2][body] GET https://firebase.googleapis.com/v1beta1/projects/employee-management-9451f {"projectId":"employee-management-9451f","projectNumber":"430089580090","displayName":"Employee Management","name":"projects/employee-management-9451f","resources":{"hostingSite":"employee-management-9451f"},"state":"ACTIVE","etag":"1_0405ddf6-e14b-41bc-8755-f3cb03efefe8"}
[info] 
[info] Your public directory is the folder (relative to your project directory) that
[info] will contain Hosting assets to be uploaded with firebase deploy. If you
[info] have a build process for your assets, use your build's output directory.
[info] 
[info] +  Wrote public/404.html 
[debug] [2024-07-15T19:06:01.200Z] >>> [apiv2][query] GET https://www.gstatic.com/firebasejs/releases.json [none]
[debug] [2024-07-15T19:06:01.290Z] <<< [apiv2][status] GET https://www.gstatic.com/firebasejs/releases.json 200
[debug] [2024-07-15T19:06:01.290Z] <<< [apiv2][body] GET https://www.gstatic.com/firebasejs/releases.json {"current":{"version":"10.12.3","browserURL":"https://www.gstatic.com/firebasejs/10.12.3/firebase.js","packageURL":"https://www.gstatic.com/firebasejs/10.12.3/firebase.tgz"},"live":{"version":"10.12","browserURL":"https://www.gstatic.com/firebasejs/live/10.12/firebase.js","packageURL":"https://www.gstatic.com/firebasejs/live/10.12/firebase.tgz"},"components":{"analytics":"https://www.gstatic.com/firebasejs/10.12.3/firebase-analytics.js","app":"https://www.gstatic.com/firebasejs/10.12.3/firebase-app.js","app-check":"https://www.gstatic.com/firebasejs/10.12.3/firebase-app-check.js","auth":"https://www.gstatic.com/firebasejs/10.12.3/firebase-auth.js","auth/cordova":"https://www.gstatic.com/firebasejs/10.12.3/firebase-auth/cordova.js","auth/web-extension":"https://www.gstatic.com/firebasejs/10.12.3/firebase-auth/web-extension.js","functions":"https://www.gstatic.com/firebasejs/10.12.3/firebase-functions.js","firestore":"https://www.gstatic.com/firebasejs/10.12.3/firebase-firestore.js","firestore/lite":"https://www.gstatic.com/firebasejs/10.12.3/firebase-firestore/lite.js","installations":"https://www.gstatic.com/firebasejs/10.12.3/firebase-installations.js","storage":"https://www.gstatic.com/firebasejs/10.12.3/firebase-storage.js","performance":"https://www.gstatic.com/firebasejs/10.12.3/firebase-performance.js","remote-config":"https://www.gstatic.com/firebasejs/10.12.3/firebase-remote-config.js","messaging":"https://www.gstatic.com/firebasejs/10.12.3/firebase-messaging.js","messaging/sw":"https://www.gstatic.com/firebasejs/10.12.3/firebase-messaging/sw.js","database":"https://www.gstatic.com/firebasejs/10.12.3/firebase-database.js","vertexai-preview":"https://www.gstatic.com/firebasejs/10.12.3/firebase-vertexai-preview.js","firestore.memory":"https://www.gstatic.com/firebasejs/10.12.3/firebase-firestore.memory.js"}}
[info] +  Wrote public/index.html 
[info] 
[info] i  Detected a .git folder at C:\Users\Lenendra\OneDrive\Desktop\simple-ng-emp-crud 
[info] i  Authorizing with GitHub to upload your service account to a GitHub repository's secrets store. 
[info] 
[info] Visit this URL on this device to log in:
[info] https://github.com/login/oauth/authorize?client_id=89cf50f02ac6aaed3484&state=1007359067&redirect_uri=http%3A%2F%2Flocalhost%3A9005&scope=read%3Auser%20repo%20public_repo
[info] 
[info] Waiting for authentication...
[debug] [2024-07-15T19:06:44.508Z] >>> [apiv2][query] POST https://github.com/login/oauth/access_token [none]
[debug] [2024-07-15T19:06:44.508Z] >>> [apiv2][body] POST https://github.com/login/oauth/access_token [stream]
[debug] [2024-07-15T19:06:44.858Z] <<< [apiv2][status] POST https://github.com/login/oauth/access_token 200
[debug] [2024-07-15T19:06:44.858Z] <<< [apiv2][body] POST https://github.com/login/oauth/access_token {"access_token":"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","token_type":"bearer","scope":"read:user,repo"}
[debug] [2024-07-15T19:06:44.863Z] >>> [apiv2][query] GET https://api.github.com/user [none]
[debug] [2024-07-15T19:06:45.227Z] <<< [apiv2][status] GET https://api.github.com/user 200
[debug] [2024-07-15T19:06:45.228Z] <<< [apiv2][body] GET https://api.github.com/user {"login":"lenendra12","id":17564298,"node_id":"MDQ6VXNlcjE3NTY0Mjk4","avatar_url":"https://avatars.githubusercontent.com/u/17564298?v=4","gravatar_id":"","url":"https://api.github.com/users/lenendra12","html_url":"https://github.com/lenendra12","followers_url":"https://api.github.com/users/lenendra12/followers","following_url":"https://api.github.com/users/lenendra12/following{/other_user}","gists_url":"https://api.github.com/users/lenendra12/gists{/gist_id}","starred_url":"https://api.github.com/users/lenendra12/starred{/owner}{/repo}","subscriptions_url":"https://api.github.com/users/lenendra12/subscriptions","organizations_url":"https://api.github.com/users/lenendra12/orgs","repos_url":"https://api.github.com/users/lenendra12/repos","events_url":"https://api.github.com/users/lenendra12/events{/privacy}","received_events_url":"https://api.github.com/users/lenendra12/received_events","type":"User","site_admin":false,"name":"Lenendra Khandale","company":null,"blog":"","location":null,"email":null,"hireable":null,"bio":null,"twitter_username":null,"public_repos":7,"public_gists":0,"followers":0,"following":0,"created_at":"2016-03-01T08:04:36Z","updated_at":"2024-03-11T10:30:39Z","private_gists":0,"total_private_repos":0,"owned_private_repos":0,"disk_usage":872,"collaborators":0,"two_factor_authentication":false,"plan":{"name":"free","space":976562499,"collaborators":0,"private_repos":10000}}
[info] 
[info] +  Success! Logged into GitHub as lenendra12 
[info] 
[debug] [2024-07-15T19:06:55.986Z] >>> [apiv2][query] GET https://api.github.com/repos//actions/secrets/public-key type=owner
[debug] [2024-07-15T19:06:56.242Z] <<< [apiv2][status] GET https://api.github.com/repos//actions/secrets/public-key 404
[debug] [2024-07-15T19:06:56.242Z] <<< [apiv2][body] GET https://api.github.com/repos//actions/secrets/public-key {"message":"Not Found","documentation_url":"https://docs.github.com/rest","status":"404"}
[info] 
[info] 
[error] !  The provided authorization cannot be used with this repository. If this repository is in an organization, did you remember to grant access? 
[info] 
[info] i  Action required: Visit this URL to ensure access has been granted to the appropriate organization(s) for the Firebase CLI GitHub OAuth App: 
[info] https://github.com/settings/connections/applications/89cf50f02ac6aaed3484
[info] 
[debug] [2024-07-15T19:07:11.856Z] >>> [apiv2][query] GET https://api.github.com/repos/user/actions/secrets/public-key type=owner
[debug] [2024-07-15T19:07:12.175Z] <<< [apiv2][status] GET https://api.github.com/repos/user/actions/secrets/public-key 404
[debug] [2024-07-15T19:07:12.175Z] <<< [apiv2][body] GET https://api.github.com/repos/user/actions/secrets/public-key {"message":"Not Found","documentation_url":"https://docs.github.com/rest","status":"404"}
[info] 
[info] 
[error] !  The provided authorization cannot be used with this repository. If this repository is in an organization, did you remember to grant access? 
[info] 
[info] i  Action required: Visit this URL to ensure access has been granted to the appropriate organization(s) for the Firebase CLI GitHub OAuth App: 
[info] https://github.com/settings/connections/applications/89cf50f02ac6aaed3484
[info] 
[debug] [2024-07-15T19:08:14.086Z] >>> [apiv2][query] GET https://api.github.com/repos/https://github.com/settings/connections/applications/89cf50f02ac6aaed3484/actions/secrets/public-key type=owner
[debug] [2024-07-15T19:08:14.373Z] <<< [apiv2][status] GET https://api.github.com/repos/https://github.com/settings/connections/applications/89cf50f02ac6aaed3484/actions/secrets/public-key 404
[debug] [2024-07-15T19:08:14.373Z] <<< [apiv2][body] GET https://api.github.com/repos/https://github.com/settings/connections/applications/89cf50f02ac6aaed3484/actions/secrets/public-key {"message":"Not Found","documentation_url":"https://docs.github.com/rest","status":"404"}
[info] 
[info] 
[error] !  The provided authorization cannot be used with this repository. If this repository is in an organization, did you remember to grant access? 
[info] 
[info] i  Action required: Visit this URL to ensure access has been granted to the appropriate organization(s) for the Firebase CLI GitHub OAuth App: 
[info] https://github.com/settings/connections/applications/89cf50f02ac6aaed3484
[info] 
[debug] [2024-07-15T19:08:30.215Z] >>> [apiv2][query] GET https://api.github.com/repos//actions/secrets/public-key type=owner
[debug] [2024-07-15T19:08:30.466Z] <<< [apiv2][status] GET https://api.github.com/repos//actions/secrets/public-key 404
[debug] [2024-07-15T19:08:30.467Z] <<< [apiv2][body] GET https://api.github.com/repos//actions/secrets/public-key {"message":"Not Found","documentation_url":"https://docs.github.com/rest","status":"404"}
[info] 
[info] 
[error] !  The provided authorization cannot be used with this repository. If this repository is in an organization, did you remember to grant access? 
[info] 
[info] i  Action required: Visit this URL to ensure access has been granted to the appropriate organization(s) for the Firebase CLI GitHub OAuth App: 
[info] https://github.com/settings/connections/applications/89cf50f02ac6aaed3484
[info] 
